<?xml version="1.0" encoding="UTF-8"?>
<testng-results skipped="0" failed="0" ignored="0" total="1" passed="1">
  <reporter-output>
  </reporter-output>
  <suite name="Default suite" duration-ms="11448" started-at="2018-06-04T19:40:11Z" finished-at="2018-06-04T19:40:22Z">
    <groups>
    </groups>
    <test name="Default test" duration-ms="11448" started-at="2018-06-04T19:40:11Z" finished-at="2018-06-04T19:40:22Z">
      <class name="first.Dynamic_driver">
        <test-method status="PASS" signature="D_driver()[pri:0, instance:first.Dynamic_driver@482f8f11]" name="D_driver" duration-ms="11388" started-at="2018-06-04T19:40:11Z" finished-at="2018-06-04T19:40:22Z">
          <reporter-output>
          </reporter-output>
        </test-method> <!-- D_driver -->
      </class> <!-- first.Dynamic_driver -->
    </test> <!-- Default test -->
  </suite> <!-- Default suite -->
</testng-results>
